d:\new\new5\pl\spl\spl_compiler\parse.tab.cpp
d:\new\new5\pl\spl\spl_compiler\lex.flex.cpp
d:\new\new5\pl\spl\spl_compiler\spl_compiler\debug\vc141.pdb
d:\new\new5\pl\spl\spl_compiler\spl_compiler\debug\vc141.idb
d:\new\new5\pl\spl\spl_compiler\spl_compiler\debug\utils.obj
d:\new\new5\pl\spl\spl_compiler\spl_compiler\debug\symtab.obj
d:\new\new5\pl\spl\spl_compiler\spl_compiler\debug\parsef.obj
d:\new\new5\pl\spl\spl_compiler\spl_compiler\debug\parse.tab.obj
d:\new\new5\pl\spl\spl_compiler\spl_compiler\debug\main.obj
d:\new\new5\pl\spl\spl_compiler\spl_compiler\debug\lex.flex.obj
d:\new\new5\pl\spl\spl_compiler\debug\spl_compiler.ilk
d:\new\new5\pl\spl\spl_compiler\debug\spl_compiler.exe
d:\new\new5\pl\spl\spl_compiler\debug\spl_compiler.pdb
d:\new\new5\pl\spl\spl_compiler\spl_compiler\debug\spl_compiler.write.1.tlog
d:\new\new5\pl\spl\spl_compiler\spl_compiler\debug\spl_compiler.tlog\cl.command.1.tlog
d:\new\new5\pl\spl\spl_compiler\spl_compiler\debug\spl_compiler.tlog\cl.read.1.tlog
d:\new\new5\pl\spl\spl_compiler\spl_compiler\debug\spl_compiler.tlog\cl.write.1.tlog
d:\new\new5\pl\spl\spl_compiler\spl_compiler\debug\spl_compiler.tlog\link.command.1.tlog
d:\new\new5\pl\spl\spl_compiler\spl_compiler\debug\spl_compiler.tlog\link.read.1.tlog
d:\new\new5\pl\spl\spl_compiler\spl_compiler\debug\spl_compiler.tlog\link.write.1.tlog
